<?xml version="1.0" ?>
<!DOCTYPE coverage SYSTEM "http://cobertura.sourceforge.net/xml/coverage-04.dtd">
<coverage lines-valid="11" lines-covered="0" line-rate="0" branches-valid="0" branches-covered="0" branch-rate="1" timestamp="1616589392713" complexity="0" version="0.1">
  <sources>
    <source>C:\Users\AndersBengtson\Documents\react-components-attempt\packages\avatar</source>
  </sources>
  <packages>
    <class name="Avatar.tsx" filename="src\Avatar.tsx" line-rate="0" branch-rate="1">
      <methods>
        <method name="(anonymous_1)" hits="0" signature="()V">
          <lines>
            <line number="43" hits="0"/>
          </lines>
        </method>
      </methods>
      <lines>
        <line number="1" hits="0" branch="false"/>
        <line number="2" hits="0" branch="false"/>
        <line number="4" hits="0" branch="false"/>
        <line number="9" hits="0" branch="false"/>
        <line number="43" hits="0" branch="false"/>
        <line number="50" hits="0" branch="false"/>
        <line number="52" hits="0" branch="false"/>
        <line number="60" hits="0" branch="false"/>
        <line number="71" hits="0" branch="false"/>
      </lines>
    </class>
    <class name="index.ts" filename="src\index.ts" line-rate="0" branch-rate="1">
      <methods>
      </methods>
      <lines>
        <line number="1" hits="0" branch="false"/>
        <line number="4" hits="0" branch="false"/>
      </lines>
    </class>
  </packages>
</coverage>
