{"C:\\Users\\AndersBengtson\\Documents\\react-components-attempt\\packages\\avatar\\styleMock.js": {"path":"C:\\Users\\AndersBengtson\\Documents\\react-components-attempt\\packages\\avatar\\styleMock.js","statementMap":{},"fnMap":{},"branchMap":{},"s":{},"f":{},"b":{},"inputSourceMap":null,"_coverageSchema":"1a1c01bbd47fc00a2c39e90264f33305004495a9","hash":"b2f687176de681d53dea85c40ebfc279a7558751"}
,"C:\\Users\\AndersBengtson\\Documents\\react-components-attempt\\packages\\avatar\\dist\\Avatar.js": {"path":"C:\\Users\\AndersBengtson\\Documents\\react-components-attempt\\packages\\avatar\\dist\\Avatar.js","statementMap":{"0":{"start":{"line":2,"column":22},"end":{"line":4,"column":1}},"1":{"start":{"line":3,"column":4},"end":{"line":3,"column":62}},"2":{"start":{"line":5,"column":0},"end":{"line":5,"column":62}},"3":{"start":{"line":6,"column":14},"end":{"line":6,"column":47}},"4":{"start":{"line":7,"column":19},"end":{"line":7,"column":57}},"5":{"start":{"line":8,"column":0},"end":{"line":8,"column":25}},"6":{"start":{"line":12,"column":22},"end":{"line":12,"column":30}},"7":{"start":{"line":17,"column":13},"end":{"line":24,"column":1}},"8":{"start":{"line":19,"column":19},"end":{"line":19,"column":33}},"9":{"start":{"line":19,"column":47},"end":{"line":19,"column":62}},"10":{"start":{"line":19,"column":72},"end":{"line":19,"column":83}},"11":{"start":{"line":19,"column":93},"end":{"line":19,"column":104}},"12":{"start":{"line":19,"column":114},"end":{"line":19,"column":125}},"13":{"start":{"line":20,"column":18},"end":{"line":22,"column":12}},"14":{"start":{"line":23,"column":4},"end":{"line":23,"column":113}},"15":{"start":{"line":25,"column":0},"end":{"line":25,"column":25}}},"fnMap":{"0":{"name":"(anonymous_0)","decl":{"start":{"line":2,"column":56},"end":{"line":2,"column":57}},"loc":{"start":{"line":2,"column":71},"end":{"line":4,"column":1}},"line":2},"1":{"name":"(anonymous_1)","decl":{"start":{"line":17,"column":13},"end":{"line":17,"column":14}},"loc":{"start":{"line":17,"column":30},"end":{"line":24,"column":1}},"line":17}},"branchMap":{"0":{"loc":{"start":{"line":2,"column":22},"end":{"line":4,"column":1}},"type":"binary-expr","locations":[{"start":{"line":2,"column":23},"end":{"line":2,"column":27}},{"start":{"line":2,"column":31},"end":{"line":2,"column":51}},{"start":{"line":2,"column":56},"end":{"line":4,"column":1}}],"line":2},"1":{"loc":{"start":{"line":3,"column":11},"end":{"line":3,"column":61}},"type":"cond-expr","locations":[{"start":{"line":3,"column":37},"end":{"line":3,"column":40}},{"start":{"line":3,"column":43},"end":{"line":3,"column":61}}],"line":3},"2":{"loc":{"start":{"line":3,"column":12},"end":{"line":3,"column":33}},"type":"binary-expr","locations":[{"start":{"line":3,"column":12},"end":{"line":3,"column":15}},{"start":{"line":3,"column":19},"end":{"line":3,"column":33}}],"line":3}},"s":{"0":2,"1":4,"2":2,"3":2,"4":2,"5":2,"6":2,"7":2,"8":12,"9":12,"10":12,"11":12,"12":12,"13":12,"14":12,"15":2},"f":{"0":4,"1":12},"b":{"0":[2,2,2],"1":[0,4],"2":[4,4]},"inputSourceMap":null,"_coverageSchema":"1a1c01bbd47fc00a2c39e90264f33305004495a9","hash":"b5b32949d435ed598d49e66a6dadffbdca10300f"}
,"C:\\Users\\AndersBengtson\\Documents\\react-components-attempt\\packages\\avatar\\dist\\index.js": {"path":"C:\\Users\\AndersBengtson\\Documents\\react-components-attempt\\packages\\avatar\\dist\\index.js","statementMap":{"0":{"start":{"line":2,"column":22},"end":{"line":4,"column":1}},"1":{"start":{"line":3,"column":4},"end":{"line":3,"column":62}},"2":{"start":{"line":5,"column":0},"end":{"line":5,"column":62}},"3":{"start":{"line":6,"column":15},"end":{"line":6,"column":51}},"4":{"start":{"line":7,"column":0},"end":{"line":7,"column":35}}},"fnMap":{"0":{"name":"(anonymous_0)","decl":{"start":{"line":2,"column":56},"end":{"line":2,"column":57}},"loc":{"start":{"line":2,"column":71},"end":{"line":4,"column":1}},"line":2}},"branchMap":{"0":{"loc":{"start":{"line":2,"column":22},"end":{"line":4,"column":1}},"type":"binary-expr","locations":[{"start":{"line":2,"column":23},"end":{"line":2,"column":27}},{"start":{"line":2,"column":31},"end":{"line":2,"column":51}},{"start":{"line":2,"column":56},"end":{"line":4,"column":1}}],"line":2},"1":{"loc":{"start":{"line":3,"column":11},"end":{"line":3,"column":61}},"type":"cond-expr","locations":[{"start":{"line":3,"column":37},"end":{"line":3,"column":40}},{"start":{"line":3,"column":43},"end":{"line":3,"column":61}}],"line":3},"2":{"loc":{"start":{"line":3,"column":12},"end":{"line":3,"column":33}},"type":"binary-expr","locations":[{"start":{"line":3,"column":12},"end":{"line":3,"column":15}},{"start":{"line":3,"column":19},"end":{"line":3,"column":33}}],"line":3}},"s":{"0":2,"1":2,"2":2,"3":2,"4":2},"f":{"0":2},"b":{"0":[2,2,2],"1":[2,0],"2":[2,2]},"inputSourceMap":null,"_coverageSchema":"1a1c01bbd47fc00a2c39e90264f33305004495a9","hash":"cb5ad9f14f723535dfe369971622d2b99a9a1e8a"}
,"C:\\Users\\AndersBengtson\\Documents\\react-components-attempt\\packages\\avatar\\src\\Avatar.tsx": {"path":"C:\\Users\\AndersBengtson\\Documents\\react-components-attempt\\packages\\avatar\\src\\Avatar.tsx","statementMap":{"0":{"start":{"line":1,"column":0},"end":{"line":1,"column":45}},"1":{"start":{"line":2,"column":0},"end":{"line":2,"column":36}},"2":{"start":{"line":4,"column":0},"end":{"line":4,"column":23}},"3":{"start":{"line":9,"column":24},"end":{"line":9,"column":32}},"4":{"start":{"line":43,"column":47},"end":{"line":69,"column":1}},"5":{"start":{"line":50,"column":6},"end":{"line":50,"column":12}},"6":{"start":{"line":52,"column":18},"end":{"line":58,"column":4}},"7":{"start":{"line":60,"column":2},"end":{"line":68,"column":4}},"8":{"start":{"line":71,"column":0},"end":{"line":71,"column":22}}},"fnMap":{"0":{"name":"(anonymous_1)","decl":{"start":{"line":43,"column":47},"end":{"line":43,"column":48}},"loc":{"start":{"line":43,"column":60},"end":{"line":69,"column":1}}}},"branchMap":{},"s":{"0":1,"1":1,"2":1,"3":1,"4":1,"5":30,"6":6,"7":6,"8":1},"f":{"0":6},"b":{}}
,"C:\\Users\\AndersBengtson\\Documents\\react-components-attempt\\packages\\avatar\\src\\index.ts": {"path":"C:\\Users\\AndersBengtson\\Documents\\react-components-attempt\\packages\\avatar\\src\\index.ts","statementMap":{"0":{"start":{"line":1,"column":0},"end":{"line":1,"column":30}},"1":{"start":{"line":4,"column":0},"end":{"line":4,"column":22}}},"fnMap":{},"branchMap":{},"s":{"0":1,"1":1},"f":{},"b":{}}
}
