TN:
SF:styleMock.js
FNF:0
FNH:0
LF:0
LH:0
BRF:0
BRH:0
end_of_record
TN:
SF:dist\Avatar.js
FN:2,(anonymous_0)
FN:17,(anonymous_1)
FNF:2
FNH:2
FNDA:4,(anonymous_0)
FNDA:12,(anonymous_1)
DA:2,2
DA:3,4
DA:5,2
DA:6,2
DA:7,2
DA:8,2
DA:12,2
DA:17,2
DA:19,12
DA:20,12
DA:23,12
DA:25,2
LF:12
LH:12
BRDA:2,0,0,2
BRDA:2,0,1,2
BRDA:2,0,2,2
BRDA:3,1,0,0
BRDA:3,1,1,4
BRDA:3,2,0,4
BRDA:3,2,1,4
BRF:7
BRH:6
end_of_record
TN:
SF:dist\index.js
FN:2,(anonymous_0)
FNF:1
FNH:1
FNDA:2,(anonymous_0)
DA:2,2
DA:3,2
DA:5,2
DA:6,2
DA:7,2
LF:5
LH:5
BRDA:2,0,0,2
BRDA:2,0,1,2
BRDA:2,0,2,2
BRDA:3,1,0,2
BRDA:3,1,1,0
BRDA:3,2,0,2
BRDA:3,2,1,2
BRF:7
BRH:6
end_of_record
TN:
SF:src\Avatar.tsx
FN:43,(anonymous_1)
FNF:1
FNH:1
FNDA:6,(anonymous_1)
DA:1,1
DA:2,1
DA:4,1
DA:9,1
DA:43,1
DA:50,30
DA:52,6
DA:60,6
DA:71,1
LF:9
LH:9
BRF:0
BRH:0
end_of_record
TN:
SF:src\index.ts
FNF:0
FNH:0
DA:1,1
DA:4,1
LF:2
LH:2
BRF:0
BRH:0
end_of_record
